<?xml version="1.0" encoding="UTF-8"?>
<testng-results ignored="0" total="3" passed="3" failed="0" skipped="0">
  <reporter-output>
  </reporter-output>
  <suite started-at="2024-03-23T00:51:54 IST" name="Gradle suite" finished-at="2024-03-23T00:52:56 IST" duration-ms="61556">
    <groups>
    </groups>
    <test started-at="2024-03-23T00:51:54 IST" name="Gradle test" finished-at="2024-03-23T00:52:56 IST" duration-ms="61556">
      <class name="qtriptest.tests.testCase_01">
        <test-method is-config="true" signature="createDriver()[pri:0, instance:qtriptest.tests.testCase_01@7e7be63f]" started-at="2024-03-23T00:51:52 IST" name="createDriver" finished-at="2024-03-23T00:51:54 IST" duration-ms="2280" status="PASS">
          <reporter-output>
          </reporter-output>
        </test-method> <!-- createDriver -->
        <test-method signature="TestCase01(java.lang.String,java.lang.String)[pri:0, instance:qtriptest.tests.testCase_01@7e7be63f]" started-at="2024-03-23T00:51:56 IST" name="TestCase01" description="testCase_01:Verify user registration and login" data-provider="Qtriptestdata" finished-at="2024-03-23T00:52:17 IST" duration-ms="20421" status="PASS">
          <params>
            <param index="0">
              <value>
                <![CDATA[testuser@gmail.com]]>
              </value>
            </param>
            <param index="1">
              <value>
                <![CDATA[abc@123]]>
              </value>
            </param>
          </params>
          <reporter-output>
          </reporter-output>
        </test-method> <!-- TestCase01 -->
        <test-method signature="TestCase01(java.lang.String,java.lang.String)[pri:0, instance:qtriptest.tests.testCase_01@7e7be63f]" started-at="2024-03-23T00:52:17 IST" name="TestCase01" description="testCase_01:Verify user registration and login" data-provider="Qtriptestdata" finished-at="2024-03-23T00:52:37 IST" duration-ms="19754" status="PASS">
          <params>
            <param index="0">
              <value>
                <![CDATA[TESTUSER@gmail.com]]>
              </value>
            </param>
            <param index="1">
              <value>
                <![CDATA[123456.0]]>
              </value>
            </param>
          </params>
          <reporter-output>
          </reporter-output>
        </test-method> <!-- TestCase01 -->
        <test-method signature="TestCase01(java.lang.String,java.lang.String)[pri:0, instance:qtriptest.tests.testCase_01@7e7be63f]" started-at="2024-03-23T00:52:37 IST" name="TestCase01" description="testCase_01:Verify user registration and login" data-provider="Qtriptestdata" finished-at="2024-03-23T00:52:56 IST" duration-ms="19432" status="PASS">
          <params>
            <param index="0">
              <value>
                <![CDATA[123_USER_low@gmail.com]]>
              </value>
            </param>
            <param index="1">
              <value>
                <![CDATA[QWERTY!!!!]]>
              </value>
            </param>
          </params>
          <reporter-output>
          </reporter-output>
        </test-method> <!-- TestCase01 -->
      </class> <!-- qtriptest.tests.testCase_01 -->
    </test> <!-- Gradle test -->
  </suite> <!-- Gradle suite -->
</testng-results>
